<?xml version="1.0" encoding="UTF-8"?>
<!-- Generated by org.testng.reporters.JUnitReportReporter -->
<testsuite hostname="DESKTOP-CAMBSFK" failures="3" tests="4" name="Stepdefs.TestRunner" time="40.337" errors="1" timestamp="2025-11-13T11:04:17 EST" skipped="0">
  <testcase classname="Stepdefs.TestRunner" name="runScenario" time="8.394">
    <failure message="expected [false] but found [true]" type="java.lang.AssertionError">
      <![CDATA[java.lang.AssertionError: expected [false] but found [true]
at org.testng.Assert.fail(Assert.java:111)
at org.testng.Assert.failNotEquals(Assert.java:1590)
at org.testng.Assert.assertFalse(Assert.java:79)
at org.testng.Assert.assertFalse(Assert.java:89)
at Stepdefs.LoginStepDefs.i_should_be_navigated_to_the_login_page(LoginStepDefs.java:66)
at ✽.I should be navigated to the Login page.(file:///C:/Users/dorot/workspaces/2025/com.agileCucumberProj/src/test/resources/featureFiles/login.feature:23)
]]>
    </failure>
  </testcase> <!-- runScenario -->
  <testcase classname="Stepdefs.TestRunner" name="runScenario" time="8.047">
    <failure message="expected [false] but found [true]" type="java.lang.AssertionError">
      <![CDATA[java.lang.AssertionError: expected [false] but found [true]
at org.testng.Assert.fail(Assert.java:111)
at org.testng.Assert.failNotEquals(Assert.java:1590)
at org.testng.Assert.assertFalse(Assert.java:79)
at org.testng.Assert.assertFalse(Assert.java:89)
at Stepdefs.LoginStepDefs.i_should_be_navigated_to_the_login_page(LoginStepDefs.java:66)
at ✽.I should be navigated to the Login page.(file:///C:/Users/dorot/workspaces/2025/com.agileCucumberProj/src/test/resources/featureFiles/login.feature:23)
]]>
    </failure>
  </testcase> <!-- runScenario -->
  <testcase classname="Stepdefs.TestRunner" name="runScenario" time="15.228">
    <error message="no such element: Unable to locate element: {&quot;method&quot;:&quot;xpath&quot;,&quot;selector&quot;:&quot;//div[@role=&#039;alert&#039;]&quot;}
  (Session info: chrome=142.0.7444.61)
For documentation on this error, please visit: https://www.selenium.dev/documentation/webdriver/troubleshooting/errors#no-such-element-exception
Build info: version: &#039;4.34.0&#039;, revision: &#039;707dcb4246*&#039;
System info: os.name: &#039;Windows 11&#039;, os.arch: &#039;amd64&#039;, os.version: &#039;10.0&#039;, java.version: &#039;21.0.8&#039;
Driver info: org.openqa.selenium.chrome.ChromeDriver
Command: [bd23ee34a41dd63e0bf5e8132ed1cec5, findElement {using=xpath, value=//div[@role=&#039;alert&#039;]}]
Capabilities {acceptInsecureCerts: false, browserName: chrome, browserVersion: 142.0.7444.61, chrome: {chromedriverVersion: 142.0.7444.162 (c076baf266c..., userDataDir: C:\Users\dorot\AppData\Loca...}, fedcm:accounts: true, goog:chromeOptions: {debuggerAddress: localhost:58282}, goog:processID: 24876, networkConnectionEnabled: false, pageLoadStrategy: normal, platformName: windows, proxy: Proxy(), se:cdp: ws://localhost:58282/devtoo..., se:cdpVersion: 142.0.7444.61, setWindowRect: true, strictFileInteractability: false, timeouts: {implicit: 0, pageLoad: 300000, script: 30000}, unhandledPromptBehavior: dismiss and notify, webauthn:extension:credBlob: true, webauthn:extension:largeBlob: true, webauthn:extension:minPinLength: true, webauthn:extension:prf: true, webauthn:virtualAuthenticators: true}
Session ID: bd23ee34a41dd63e0bf5e8132ed1cec5" type="org.openqa.selenium.NoSuchElementException">
      <![CDATA[org.openqa.selenium.NoSuchElementException: no such element: Unable to locate element: {"method":"xpath","selector":"//div[@role='alert']"}
  (Session info: chrome=142.0.7444.61)
For documentation on this error, please visit: https://www.selenium.dev/documentation/webdriver/troubleshooting/errors#no-such-element-exception
Build info: version: '4.34.0', revision: '707dcb4246*'
System info: os.name: 'Windows 11', os.arch: 'amd64', os.version: '10.0', java.version: '21.0.8'
Driver info: org.openqa.selenium.chrome.ChromeDriver
Command: [bd23ee34a41dd63e0bf5e8132ed1cec5, findElement {using=xpath, value=//div[@role='alert']}]
Capabilities {acceptInsecureCerts: false, browserName: chrome, browserVersion: 142.0.7444.61, chrome: {chromedriverVersion: 142.0.7444.162 (c076baf266c..., userDataDir: C:\Users\dorot\AppData\Loca...}, fedcm:accounts: true, goog:chromeOptions: {debuggerAddress: localhost:58282}, goog:processID: 24876, networkConnectionEnabled: false, pageLoadStrategy: normal, platformName: windows, proxy: Proxy(), se:cdp: ws://localhost:58282/devtoo..., se:cdpVersion: 142.0.7444.61, setWindowRect: true, strictFileInteractability: false, timeouts: {implicit: 0, pageLoad: 300000, script: 30000}, unhandledPromptBehavior: dismiss and notify, webauthn:extension:credBlob: true, webauthn:extension:largeBlob: true, webauthn:extension:minPinLength: true, webauthn:extension:prf: true, webauthn:virtualAuthenticators: true}
Session ID: bd23ee34a41dd63e0bf5e8132ed1cec5
at java.base/jdk.internal.reflect.DirectConstructorHandleAccessor.newInstance(DirectConstructorHandleAccessor.java:62)
at java.base/java.lang.reflect.Constructor.newInstanceWithCaller(Constructor.java:502)
at java.base/java.lang.reflect.Constructor.newInstance(Constructor.java:486)
at org.openqa.selenium.remote.ErrorCodec.decode(ErrorCodec.java:167)
at org.openqa.selenium.remote.codec.w3c.W3CHttpResponseCodec.decode(W3CHttpResponseCodec.java:138)
at org.openqa.selenium.remote.codec.w3c.W3CHttpResponseCodec.decode(W3CHttpResponseCodec.java:50)
at org.openqa.selenium.remote.HttpCommandExecutor.execute(HttpCommandExecutor.java:215)
at org.openqa.selenium.remote.service.DriverCommandExecutor.invokeExecute(DriverCommandExecutor.java:216)
at org.openqa.selenium.remote.service.DriverCommandExecutor.execute(DriverCommandExecutor.java:174)
at org.openqa.selenium.remote.RemoteWebDriver.execute(RemoteWebDriver.java:544)
at org.openqa.selenium.remote.ElementLocation$ElementFinder$2.findElement(ElementLocation.java:165)
at org.openqa.selenium.remote.ElementLocation.findElement(ElementLocation.java:59)
at org.openqa.selenium.remote.RemoteWebDriver.findElement(RemoteWebDriver.java:367)
at org.openqa.selenium.remote.RemoteWebDriver.findElement(RemoteWebDriver.java:361)
at com.agileCucumberobjs.SignupPageObjs.errorMSGDisplay(SignupPageObjs.java:36)
at Stepdefs.LoginStepDefs.i_should_be_navigated_to_the_login_page(LoginStepDefs.java:66)
at ✽.I should be navigated to the Login page.(file:///C:/Users/dorot/workspaces/2025/com.agileCucumberProj/src/test/resources/featureFiles/login.feature:13)
]]>
    </error>
  </testcase> <!-- runScenario -->
  <testcase classname="Stepdefs.TestRunner" name="runScenario" time="8.668">
    <failure message="expected [false] but found [true]" type="java.lang.AssertionError">
      <![CDATA[java.lang.AssertionError: expected [false] but found [true]
at org.testng.Assert.fail(Assert.java:111)
at org.testng.Assert.failNotEquals(Assert.java:1590)
at org.testng.Assert.assertFalse(Assert.java:79)
at org.testng.Assert.assertFalse(Assert.java:89)
at Stepdefs.LoginStepDefs.i_should_be_navigated_to_the_login_page(LoginStepDefs.java:66)
at ✽.I should be navigated to the Login page.(file:///C:/Users/dorot/workspaces/2025/com.agileCucumberProj/src/test/resources/featureFiles/login.feature:23)
]]>
    </failure>
  </testcase> <!-- runScenario -->
</testsuite> <!-- Stepdefs.TestRunner -->
